<?xml version="1.0" encoding="UTF-8"?>
<!-- Generated by org.testng.reporters.JUnitReportReporter -->
<testsuite
	name="pk.TestNG_Features.TestMethod_Execution_Within_SpecifiedTimes"
	tests="1" time="4.018" ignored="0" failures="0" timestamp="08 Nov 2020 14:24:22 GMT"
	skipped="0" hostname="HIBACL131408" errors="1">
	<testcase name="Sign_On" time="4.018"
		classname="pk.TestNG_Features.TestMethod_Execution_Within_SpecifiedTimes">
		<error type="org.testng.internal.thread.ThreadTimeoutException"
			message="Method pk.TestNG_Features.TestMethod_Execution_Within_SpecifiedTimes.Sign_On() didn&#039;t finish within the time-out 4000">
      <![CDATA[org.testng.internal.thread.ThreadTimeoutException: Method pk.TestNG_Features.TestMethod_Execution_Within_SpecifiedTimes.Sign_On() didn't finish within the time-out 4000
	at java.net.SocketInputStream.socketRead0(Native Method)
	at java.net.SocketInputStream.socketRead(Unknown Source)
	at java.net.SocketInputStream.read(Unknown Source)
	at java.net.SocketInputStream.read(Unknown Source)
	at okio.InputStreamSource.read(Okio.kt:102)
	at okio.AsyncTimeout$source$1.read(AsyncTimeout.kt:159)
	at okio.RealBufferedSource.indexOf(RealBufferedSource.kt:349)
	at okio.RealBufferedSource.readUtf8LineStrict(RealBufferedSource.kt:222)
	at okhttp3.internal.http1.Http1ExchangeCodec.readHeaderLine(Http1ExchangeCodec.kt:210)
	at okhttp3.internal.http1.Http1ExchangeCodec.readResponseHeaders(Http1ExchangeCodec.kt:181)
	at okhttp3.internal.connection.Exchange.readResponseHeaders(Exchange.kt:105)
	at okhttp3.internal.http.CallServerInterceptor.intercept(CallServerInterceptor.kt:82)
	at okhttp3.internal.http.RealInterceptorChain.proceed(RealInterceptorChain.kt:112)
	at okhttp3.internal.http.RealInterceptorChain.proceed(RealInterceptorChain.kt:87)
	at org.openqa.selenium.remote.http.okhttp.CreateOkClient.lambda$apply$1(CreateOkClient.java:66)
	at org.openqa.selenium.remote.http.okhttp.CreateOkClient$$Lambda$11/1403700359.intercept(Unknown Source)
	at okhttp3.internal.http.RealInterceptorChain.proceed(RealInterceptorChain.kt:112)
	at okhttp3.internal.connection.ConnectInterceptor.intercept(ConnectInterceptor.kt:37)
	at okhttp3.internal.http.RealInterceptorChain.proceed(RealInterceptorChain.kt:112)
	at okhttp3.internal.http.RealInterceptorChain.proceed(RealInterceptorChain.kt:87)
	at okhttp3.internal.cache.CacheInterceptor.intercept(CacheInterceptor.kt:82)
	at okhttp3.internal.http.RealInterceptorChain.proceed(RealInterceptorChain.kt:112)
	at okhttp3.internal.http.RealInterceptorChain.proceed(RealInterceptorChain.kt:87)
	at okhttp3.internal.http.BridgeInterceptor.intercept(BridgeInterceptor.kt:84)
	at okhttp3.internal.http.RealInterceptorChain.proceed(RealInterceptorChain.kt:112)
	at okhttp3.internal.http.RetryAndFollowUpInterceptor.intercept(RetryAndFollowUpInterceptor.kt:71)
	at okhttp3.internal.http.RealInterceptorChain.proceed(RealInterceptorChain.kt:112)
	at okhttp3.internal.http.RealInterceptorChain.proceed(RealInterceptorChain.kt:87)
	at okhttp3.RealCall.getResponseWithInterceptorChain(RealCall.kt:184)
	at okhttp3.RealCall.execute(RealCall.kt:66)
	at org.openqa.selenium.remote.http.okhttp.OkHandler.makeCall(OkHandler.java:60)
	at org.openqa.selenium.remote.http.okhttp.OkHandler$$Lambda$12/121167003.execute(Unknown Source)
	at org.openqa.selenium.remote.http.AddSeleniumUserAgent.lambda$apply$0(AddSeleniumUserAgent.java:42)
	at org.openqa.selenium.remote.http.AddSeleniumUserAgent$$Lambda$205/1449605932.execute(Unknown Source)
	at org.openqa.selenium.remote.http.Filter.lambda$andFinally$1(Filter.java:55)
	at org.openqa.selenium.remote.http.Filter$$Lambda$13/1664576493.execute(Unknown Source)
	at org.openqa.selenium.remote.http.okhttp.OkHandler.execute(OkHandler.java:52)
	at org.openqa.selenium.remote.http.AddSeleniumUserAgent.lambda$apply$0(AddSeleniumUserAgent.java:42)
	at org.openqa.selenium.remote.http.AddSeleniumUserAgent$$Lambda$205/1449605932.execute(Unknown Source)
	at org.openqa.selenium.remote.http.Filter.lambda$andFinally$1(Filter.java:55)
	at org.openqa.selenium.remote.http.Filter$$Lambda$13/1664576493.execute(Unknown Source)
	at org.openqa.selenium.remote.http.okhttp.OkHttpClient.execute(OkHttpClient.java:45)
	at org.openqa.selenium.remote.HttpCommandExecutor.execute(HttpCommandExecutor.java:158)
	at org.openqa.selenium.remote.service.DriverCommandExecutor.execute(DriverCommandExecutor.java:83)
	at org.openqa.selenium.remote.RemoteWebDriver.execute(RemoteWebDriver.java:576)
	at org.openqa.selenium.remote.RemoteWebElement.execute(RemoteWebElement.java:308)
	at org.openqa.selenium.remote.RemoteWebElement.click(RemoteWebElement.java:83)
	at pk.TestNG_Features.TestMethod_Execution_Within_SpecifiedTimes.Sign_On(TestMethod_Execution_Within_SpecifiedTimes.java:29)
	at sun.reflect.NativeMethodAccessorImpl.invoke0(Native Method)
	at sun.reflect.NativeMethodAccessorImpl.invoke(Unknown Source)
	at sun.reflect.DelegatingMethodAccessorImpl.invoke(Unknown Source)
	at java.lang.reflect.Method.invoke(Unknown Source)
	at org.testng.internal.MethodInvocationHelper.invokeMethod(MethodInvocationHelper.java:104)
	at org.testng.internal.InvokeMethodRunnable.runOne(InvokeMethodRunnable.java:54)
	at org.testng.internal.InvokeMethodRunnable.run(InvokeMethodRunnable.java:44)
	at java.util.concurrent.Executors$RunnableAdapter.call(Unknown Source)
	at java.util.concurrent.FutureTask.run(Unknown Source)
	at java.util.concurrent.ThreadPoolExecutor.runWorker(Unknown Source)
	at java.util.concurrent.ThreadPoolExecutor$Worker.run(Unknown Source)
	at java.lang.Thread.run(Unknown Source)
]]>
		</error>
	</testcase> <!-- Sign_On -->
</testsuite> <!-- pk.TestNG_Features.TestMethod_Execution_Within_SpecifiedTimes -->
